#
# There is insufficient memory for the Java Runtime Environment to continue.
# Native memory allocation (malloc) failed to allocate 1276480 bytes for Chunk::new
# Possible reasons:
#   The system is out of physical RAM or swap space
#   The process is running with CompressedOops enabled, and the Java Heap may be blocking the growth of the native heap
# Possible solutions:
#   Reduce memory load on the system
#   Increase physical memory or swap space
#   Check if swap backing store is full
#   Decrease Java heap size (-Xmx/-Xms)
#   Decrease number of Java threads
#   Decrease Java thread stack sizes (-Xss)
#   Set larger code cache with -XX:ReservedCodeCacheSize=
#   JVM is running with Unscaled Compressed Oops mode in which the Java heap is
#     placed in the first 4GB address space. The Java Heap base address is the
#     maximum limit for the native heap growth. Please use -XX:HeapBaseMinAddress
#     to set the Java Heap base and to place the Java Heap above 4GB virtual address.
# This output file may be truncated or incomplete.
#
#  Out of Memory Error (allocation.cpp:389), pid=30764, tid=0x0000000000003844
#
# JRE version: OpenJDK Runtime Environment (8.0_242-b01) (build 1.8.0_242-release-1644-b01)
# Java VM: OpenJDK 64-Bit Server VM (25.242-b01 mixed mode windows-amd64 compressed oops)
# Failed to write core dump. Minidumps are not enabled by default on client versions of Windows
#

---------------  T H R E A D  ---------------

Current thread (0x00000000182b1800):  JavaThread "C2 CompilerThread1" daemon [_thread_in_native, id=14404, stack(0x0000000019d90000,0x0000000019e90000)]

Stack: [0x0000000019d90000,0x0000000019e90000]
[error occurred during error reporting (printing stack bounds), id 0xc0000005]

Native frames: (J=compiled Java code, j=interpreted, Vv=VM code, C=native code)


Current CompileTask:
C2:1490146 18609 %     4       com.android.tools.r8.ir.regalloc.a::i @ 478 (610 bytes)


---------------  P R O C E S S  ---------------

Java Threads: ( => current thread )
  0x0000000025056800 JavaThread "WorkerExecutor Queue" [_thread_blocked, id=9204, stack(0x000000002f200000,0x000000002f300000)]
  0x000000001e8d1800 JavaThread "Cache worker for execution history cache (C:\Users\dlswn\AndroidStudioProjects\QRCodeScan\.gradle\6.5\executionHistory)" [_thread_blocked, id=27596, stack(0x000000002ed00000,0x000000002ee00000)]
  0x000000001e8ce800 JavaThread "Execution worker for ':' Thread 3" [_thread_blocked, id=25656, stack(0x000000002ec00000,0x000000002ed00000)]
  0x000000001e8cd800 JavaThread "Execution worker for ':' Thread 2" [_thread_blocked, id=9700, stack(0x000000002eb00000,0x000000002ec00000)]
  0x000000001e8cd000 JavaThread "Execution worker for ':'" [_thread_blocked, id=28280, stack(0x000000002ea00000,0x000000002eb00000)]
  0x000000001e8cc000 JavaThread "Cache worker for file content cache (C:\Users\dlswn\AndroidStudioProjects\QRCodeScan\.gradle\6.5\fileContent)" [_thread_blocked, id=32088, stack(0x000000002d6e0000,0x000000002d7e0000)]
  0x000000001e8c6000 JavaThread "Cache worker for Build Output Cleanup Cache (C:\Users\dlswn\AndroidStudioProjects\QRCodeScan\.gradle\buildOutputCleanup)" [_thread_blocked, id=27572, stack(0x000000002b6f0000,0x000000002b7f0000)]
  0x000000001e8cb800 JavaThread "jar transforms Thread 184" [_thread_blocked, id=17484, stack(0x000000002b5f0000,0x000000002b6f0000)]
  0x000000001e8c4000 JavaThread "jar transforms Thread 183" [_thread_blocked, id=20216, stack(0x000000002a0f0000,0x000000002a1f0000)]
  0x000000001e8c7800 JavaThread "jar transforms Thread 182" [_thread_blocked, id=4564, stack(0x0000000029ff0000,0x000000002a0f0000)]
  0x000000001e8c4800 JavaThread "jar transforms Thread 181" [_thread_blocked, id=16964, stack(0x0000000029ef0000,0x0000000029ff0000)]
  0x000000001e8ca800 JavaThread "jar transforms Thread 180" [_thread_blocked, id=1508, stack(0x0000000029df0000,0x0000000029ef0000)]
  0x000000001e8c3000 JavaThread "jar transforms Thread 179" [_thread_blocked, id=15912, stack(0x0000000029cf0000,0x0000000029df0000)]
  0x000000001e8ca000 JavaThread "jar transforms Thread 178" [_thread_blocked, id=6172, stack(0x0000000029bf0000,0x0000000029cf0000)]
  0x000000001e8c8800 JavaThread "jar transforms Thread 177" [_thread_blocked, id=18236, stack(0x0000000029af0000,0x0000000029bf0000)]
  0x000000001e8c5800 JavaThread "jar transforms Thread 176" [_thread_blocked, id=32640, stack(0x00000000299f0000,0x0000000029af0000)]
  0x000000001e8c9000 JavaThread "jar transforms Thread 175" [_thread_blocked, id=31676, stack(0x00000000298f0000,0x00000000299f0000)]
  0x000000001e8c7000 JavaThread "jar transforms Thread 174" [_thread_blocked, id=28124, stack(0x00000000297f0000,0x00000000298f0000)]
  0x000000001a6a8800 JavaThread "jar transforms Thread 173" [_thread_blocked, id=30908, stack(0x00000000296f0000,0x00000000297f0000)]
  0x000000001a6a7800 JavaThread "jar transforms Thread 172" [_thread_blocked, id=29060, stack(0x00000000295f0000,0x00000000296f0000)]
  0x000000001a6ac000 JavaThread "jar transforms Thread 171" [_thread_blocked, id=13004, stack(0x00000000294f0000,0x00000000295f0000)]
  0x000000001a6a6000 JavaThread "jar transforms Thread 170" [_thread_blocked, id=29296, stack(0x00000000293f0000,0x00000000294f0000)]
  0x000000001a6a5800 JavaThread "jar transforms Thread 169" [_thread_blocked, id=25260, stack(0x00000000292f0000,0x00000000293f0000)]
  0x000000001a6ab800 JavaThread "jar transforms Thread 168" [_thread_blocked, id=31896, stack(0x00000000291f0000,0x00000000292f0000)]
  0x000000001a6a7000 JavaThread "jar transforms Thread 167" [_thread_blocked, id=36496, stack(0x00000000290f0000,0x00000000291f0000)]
  0x000000001a6aa800 JavaThread "jar transforms Thread 166" [_thread_blocked, id=13740, stack(0x0000000028ff0000,0x00000000290f0000)]
  0x000000001a6aa000 JavaThread "jar transforms Thread 165" [_thread_blocked, id=7104, stack(0x0000000028ef0000,0x0000000028ff0000)]
  0x000000001a6a9000 JavaThread "jar transforms Thread 164" [_thread_blocked, id=34584, stack(0x0000000028df0000,0x0000000028ef0000)]
  0x000000001a69e800 JavaThread "jar transforms Thread 163" [_thread_blocked, id=25676, stack(0x0000000028cf0000,0x0000000028df0000)]
  0x000000001a69e000 JavaThread "jar transforms Thread 162" [_thread_blocked, id=29852, stack(0x0000000028bf0000,0x0000000028cf0000)]
  0x000000001a6a2800 JavaThread "jar transforms Thread 161" [_thread_blocked, id=24936, stack(0x0000000028af0000,0x0000000028bf0000)]
  0x000000001a6a4800 JavaThread "jar transforms Thread 160" [_thread_blocked, id=14148, stack(0x00000000289f0000,0x0000000028af0000)]
  0x000000001a6a3000 JavaThread "jar transforms Thread 159" [_thread_blocked, id=18536, stack(0x00000000288f0000,0x00000000289f0000)]
  0x000000001a6a1000 JavaThread "jar transforms Thread 158" [_thread_blocked, id=1880, stack(0x00000000287f0000,0x00000000288f0000)]
  0x000000001a6a0000 JavaThread "jar transforms Thread 157" [_thread_blocked, id=15216, stack(0x00000000286f0000,0x00000000287f0000)]
  0x000000001a69d000 JavaThread "jar transforms Thread 156" [_thread_blocked, id=20544, stack(0x00000000285f0000,0x00000000286f0000)]
  0x000000001a6a1800 JavaThread "jar transforms Thread 155" [_thread_blocked, id=16688, stack(0x00000000284f0000,0x00000000285f0000)]
  0x000000001a6a4000 JavaThread "jar transforms Thread 154" [_thread_blocked, id=25148, stack(0x00000000283f0000,0x00000000284f0000)]
  0x000000001a69f800 JavaThread "jar transforms Thread 153" [_thread_blocked, id=34768, stack(0x00000000282f0000,0x00000000283f0000)]
  0x000000002069b000 JavaThread "jar transforms Thread 152" [_thread_blocked, id=29552, stack(0x00000000281f0000,0x00000000282f0000)]
  0x000000002069c800 JavaThread "jar transforms Thread 151" [_thread_blocked, id=30776, stack(0x00000000280f0000,0x00000000281f0000)]
  0x0000000020699800 JavaThread "jar transforms Thread 150" [_thread_blocked, id=25568, stack(0x0000000027ff0000,0x00000000280f0000)]
  0x00000000206a0000 JavaThread "jar transforms Thread 149" [_thread_blocked, id=28872, stack(0x0000000027ef0000,0x0000000027ff0000)]
  0x000000002069a000 JavaThread "jar transforms Thread 148" [_thread_blocked, id=24656, stack(0x0000000027df0000,0x0000000027ef0000)]
  0x0000000020698800 JavaThread "jar transforms Thread 147" [_thread_blocked, id=26288, stack(0x0000000027cf0000,0x0000000027df0000)]
  0x000000002069e800 JavaThread "jar transforms Thread 146" [_thread_blocked, id=24500, stack(0x0000000027bf0000,0x0000000027cf0000)]
  0x000000002069d000 JavaThread "jar transforms Thread 145" [_thread_blocked, id=36500, stack(0x0000000027af0000,0x0000000027bf0000)]
  0x000000002069b800 JavaThread "jar transforms Thread 144" [_thread_blocked, id=32680, stack(0x00000000279f0000,0x0000000027af0000)]
  0x000000002069f800 JavaThread "jar transforms Thread 143" [_thread_blocked, id=34692, stack(0x0000000021bc0000,0x0000000021cc0000)]
  0x0000000020691000 JavaThread "jar transforms Thread 142" [_thread_blocked, id=5780, stack(0x00000000278f0000,0x00000000279f0000)]
  0x0000000020698000 JavaThread "jar transforms Thread 141" [_thread_blocked, id=21408, stack(0x00000000277f0000,0x00000000278f0000)]
  0x0000000020695800 JavaThread "jar transforms Thread 140" [_thread_blocked, id=14268, stack(0x00000000276f0000,0x00000000277f0000)]
  0x0000000020694000 JavaThread "jar transforms Thread 139" [_thread_blocked, id=33432, stack(0x00000000275f0000,0x00000000276f0000)]
  0x0000000020696800 JavaThread "jar transforms Thread 138" [_thread_blocked, id=35012, stack(0x00000000274f0000,0x00000000275f0000)]
  0x0000000020693000 JavaThread "jar transforms Thread 137" [_thread_blocked, id=32024, stack(0x00000000273f0000,0x00000000274f0000)]
  0x0000000020695000 JavaThread "jar transforms Thread 136" [_thread_blocked, id=33368, stack(0x00000000272f0000,0x00000000273f0000)]
  0x0000000020691800 JavaThread "jar transforms Thread 135" [_thread_blocked, id=28024, stack(0x00000000271f0000,0x00000000272f0000)]
  0x0000000020697000 JavaThread "jar transforms Thread 134" [_thread_blocked, id=34996, stack(0x00000000270f0000,0x00000000271f0000)]
  0x0000000020692800 JavaThread "jar transforms Thread 133" [_thread_blocked, id=17640, stack(0x0000000026ff0000,0x00000000270f0000)]
  0x000000001b025000 JavaThread "jar transforms Thread 132" [_thread_blocked, id=12200, stack(0x0000000026ef0000,0x0000000026ff0000)]
  0x000000001b023800 JavaThread "jar transforms Thread 131" [_thread_blocked, id=35064, stack(0x0000000026df0000,0x0000000026ef0000)]
  0x000000001b01e000 JavaThread "jar transforms Thread 130" [_thread_blocked, id=27024, stack(0x0000000026cf0000,0x0000000026df0000)]
  0x000000001b021000 JavaThread "jar transforms Thread 129" [_thread_blocked, id=8688, stack(0x0000000026bf0000,0x0000000026cf0000)]
  0x000000001b020800 JavaThread "jar transforms Thread 128" [_thread_blocked, id=29412, stack(0x0000000026af0000,0x0000000026bf0000)]
  0x000000001b022000 JavaThread "jar transforms Thread 127" [_thread_blocked, id=26900, stack(0x00000000269f0000,0x0000000026af0000)]
  0x000000001b022800 JavaThread "jar transforms Thread 126" [_thread_blocked, id=29772, stack(0x00000000268f0000,0x00000000269f0000)]
  0x000000001b024000 JavaThread "jar transforms Thread 125" [_thread_blocked, id=27496, stack(0x00000000267f0000,0x00000000268f0000)]
  0x000000001aacd000 JavaThread "jar transforms Thread 124" [_thread_blocked, id=32248, stack(0x00000000266f0000,0x00000000267f0000)]
  0x000000001aacc000 JavaThread "jar transforms Thread 123" [_thread_blocked, id=9052, stack(0x00000000265f0000,0x00000000266f0000)]
  0x000000001aaca000 JavaThread "jar transforms Thread 122" [_thread_blocked, id=19212, stack(0x00000000264f0000,0x00000000265f0000)]
  0x000000001aad0800 JavaThread "jar transforms Thread 121" [_thread_blocked, id=24684, stack(0x00000000263f0000,0x00000000264f0000)]
  0x000000001aac9000 JavaThread "jar transforms Thread 120" [_thread_blocked, id=27296, stack(0x00000000262f0000,0x00000000263f0000)]
  0x000000001aacb800 JavaThread "jar transforms Thread 119" [_thread_blocked, id=21928, stack(0x00000000261f0000,0x00000000262f0000)]
  0x000000001aacf000 JavaThread "jar transforms Thread 118" [_thread_blocked, id=34820, stack(0x00000000260f0000,0x00000000261f0000)]
  0x000000001aad0000 JavaThread "jar transforms Thread 117" [_thread_blocked, id=2248, stack(0x0000000024050000,0x0000000024150000)]
  0x000000001aacd800 JavaThread "jar transforms Thread 116" [_thread_blocked, id=26672, stack(0x0000000023f50000,0x0000000024050000)]
  0x000000001aaca800 JavaThread "jar transforms Thread 115" [_thread_blocked, id=27604, stack(0x0000000023e50000,0x0000000023f50000)]
  0x000000001aace800 JavaThread "jar transforms Thread 114" [_thread_blocked, id=29992, stack(0x0000000023d50000,0x0000000023e50000)]
  0x000000001aac1800 JavaThread "jar transforms Thread 113" [_thread_blocked, id=28444, stack(0x0000000023c50000,0x0000000023d50000)]
  0x000000001aac3000 JavaThread "jar transforms Thread 112" [_thread_blocked, id=35888, stack(0x0000000023b50000,0x0000000023c50000)]
  0x000000001c32b000 JavaThread "jar transforms Thread 111" [_thread_blocked, id=35252, stack(0x0000000023a50000,0x0000000023b50000)]
  0x000000001c32a000 JavaThread "jar transforms Thread 110" [_thread_blocked, id=32368, stack(0x00000000236f0000,0x00000000237f0000)]
  0x000000001c329800 JavaThread "jar transforms Thread 109" [_thread_blocked, id=33296, stack(0x00000000235f0000,0x00000000236f0000)]
  0x000000001c325800 JavaThread "jar transforms Thread 108" [_thread_blocked, id=18012, stack(0x00000000234f0000,0x00000000235f0000)]
  0x000000001c326800 JavaThread "jar transforms Thread 107" [_thread_blocked, id=22392, stack(0x00000000233f0000,0x00000000234f0000)]
  0x000000001c325000 JavaThread "jar transforms Thread 106" [_thread_blocked, id=32732, stack(0x00000000232f0000,0x00000000233f0000)]
  0x000000001c328800 JavaThread "jar transforms Thread 105" [_thread_blocked, id=35644, stack(0x00000000231f0000,0x00000000232f0000)]
  0x000000001c327000 JavaThread "jar transforms Thread 104" [_thread_blocked, id=31568, stack(0x00000000230f0000,0x00000000231f0000)]
  0x000000001c328000 JavaThread "jar transforms Thread 103" [_thread_blocked, id=24480, stack(0x0000000022ff0000,0x00000000230f0000)]
  0x000000001c31d000 JavaThread "jar transforms Thread 102" [_thread_blocked, id=14172, stack(0x0000000022ef0000,0x0000000022ff0000)]
  0x000000001c323800 JavaThread "jar transforms Thread 101" [_thread_blocked, id=26892, stack(0x0000000022500000,0x0000000022600000)]
  0x000000001c31e800 JavaThread "jar transforms Thread 100" [_thread_blocked, id=7956, stack(0x0000000022400000,0x0000000022500000)]
  0x000000001c324000 JavaThread "jar transforms Thread 99" [_thread_blocked, id=18996, stack(0x0000000022300000,0x0000000022400000)]
  0x000000001c31b800 JavaThread "jar transforms Thread 98" [_thread_blocked, id=33784, stack(0x0000000022200000,0x0000000022300000)]
  0x000000001c321000 JavaThread "jar transforms Thread 97" [_thread_blocked, id=31680, stack(0x0000000022100000,0x0000000022200000)]
  0x000000001a743000 JavaThread "jar transforms Thread 96" [_thread_blocked, id=17576, stack(0x0000000022000000,0x0000000022100000)]
  0x000000001a741800 JavaThread "jar transforms Thread 95" [_thread_blocked, id=31160, stack(0x0000000021f00000,0x0000000022000000)]
  0x000000001a740800 JavaThread "jar transforms Thread 94" [_thread_blocked, id=19596, stack(0x0000000021e00000,0x0000000021f00000)]
  0x000000001a73e800 JavaThread "jar transforms Thread 93" [_thread_blocked, id=33948, stack(0x0000000021d00000,0x0000000021e00000)]
  0x000000001a742000 JavaThread "Build operations Thread 4" [_thread_blocked, id=31604, stack(0x00000000216c0000,0x00000000217c0000)]
  0x000000001a73f000 JavaThread "Build operations Thread 3" [_thread_blocked, id=36192, stack(0x00000000210c0000,0x00000000211c0000)]
  0x000000001a743800 JavaThread "Build operations Thread 2" [_thread_blocked, id=26332, stack(0x0000000020ac0000,0x0000000020bc0000)]
  0x000000001a740000 JavaThread "Build operations" [_thread_in_Java, id=20720, stack(0x00000000209c0000,0x0000000020ac0000)]
  0x000000001a738800 JavaThread "Cache worker for cache directory md-rule (C:\Users\dlswn\.gradle\caches\6.5\md-rule)" [_thread_blocked, id=32944, stack(0x00000000208c0000,0x00000000209c0000)]
  0x000000001a73d800 JavaThread "Cache worker for cache directory md-supplier (C:\Users\dlswn\.gradle\caches\6.5\md-supplier)" [_thread_blocked, id=1984, stack(0x000000001f540000,0x000000001f640000)]
  0x000000001a736000 JavaThread "Cache worker for checksums cache (C:\Users\dlswn\AndroidStudioProjects\QRCodeScan\.gradle\checksums)" [_thread_blocked, id=34872, stack(0x000000001df30000,0x000000001e030000)]
  0x000000001a73d000 JavaThread "Cache worker for file hash cache (C:\Users\dlswn\AndroidStudioProjects\QRCodeScan\.gradle\6.5\fileHashes)" [_thread_blocked, id=22120, stack(0x000000001d930000,0x000000001da30000)]
  0x000000001a73c000 JavaThread "Thread-126" [_thread_blocked, id=34004, stack(0x000000001d630000,0x000000001d730000)]
  0x000000001a73a000 JavaThread "Stdin handler" [_thread_blocked, id=35784, stack(0x000000001d530000,0x000000001d630000)]
  0x000000001a737000 JavaThread "Asynchronous log dispatcher for DefaultDaemonConnection: socket connection from /127.0.0.1:61363 to /127.0.0.1:65106" [_thread_blocked, id=31524, stack(0x000000001d430000,0x000000001d530000)]
  0x000000001a73b800 JavaThread "Daemon worker Thread 2" [_thread_blocked, id=23192, stack(0x000000001d330000,0x000000001d430000)]
  0x000000001a73a800 JavaThread "Cancel handler" [_thread_blocked, id=23896, stack(0x000000001cd50000,0x000000001ce50000)]
  0x000000001a735800 JavaThread "Handler for socket connection from /127.0.0.1:61363 to /127.0.0.1:65106" [_thread_in_native, id=24092, stack(0x000000001cc50000,0x000000001cd50000)]
  0x000000001a739000 JavaThread "Daemon Thread 2" [_thread_blocked, id=10800, stack(0x0000000001750000,0x0000000001850000)]
  0x000000001c31f800 JavaThread "Memory manager" [_thread_blocked, id=31768, stack(0x000000002cc30000,0x000000002cd30000)]
  0x000000001aac4800 JavaThread "Cache worker for file content cache (C:\Users\dlswn\.gradle\caches\6.5\fileContent)" [_thread_blocked, id=34632, stack(0x00000000213c0000,0x00000000214c0000)]
  0x000000001aac8800 JavaThread "Cache worker for execution history cache (C:\Users\dlswn\.gradle\caches\6.5\executionHistory)" [_thread_blocked, id=25388, stack(0x0000000020dc0000,0x0000000020ec0000)]
  0x000000001b01f800 JavaThread "Cache worker for file hash cache (C:\Users\dlswn\.gradle\caches\6.5\fileHashes)" [_thread_blocked, id=35408, stack(0x000000001e070000,0x000000001e170000)]
  0x000000001b01f000 JavaThread "File lock request listener" [_thread_in_native, id=33320, stack(0x000000001de30000,0x000000001df30000)]
  0x000000001afdc000 JavaThread "Cache worker for journal cache (C:\Users\dlswn\.gradle\caches\journal-1)" [_thread_blocked, id=27856, stack(0x000000001dc30000,0x000000001dd30000)]
  0x00000000198eb800 JavaThread "Daemon periodic checks" [_thread_blocked, id=36344, stack(0x000000001d030000,0x000000001d130000)]
  0x00000000198ea800 JavaThread "Incoming local TCP Connector on port 61363" [_thread_in_native, id=6916, stack(0x000000001ce50000,0x000000001cf50000)]
  0x000000001979d000 JavaThread "Daemon health stats" [_thread_blocked, id=28356, stack(0x000000001cb30000,0x000000001cc30000)]
  0x000000001971c800 JavaThread "Service Thread" daemon [_thread_blocked, id=29404, stack(0x0000000019f90000,0x000000001a090000)]
  0x00000000196a1000 JavaThread "C1 CompilerThread2" daemon [_thread_blocked, id=29472, stack(0x0000000019e90000,0x0000000019f90000)]
=>0x00000000182b1800 JavaThread "C2 CompilerThread1" daemon [_thread_in_native, id=14404, stack(0x0000000019d90000,0x0000000019e90000)]
  0x00000000182fd000 JavaThread "C2 CompilerThread0" daemon [_thread_in_native, id=21356, stack(0x0000000019c90000,0x0000000019d90000)]
  0x00000000182fc800 JavaThread "Attach Listener" daemon [_thread_blocked, id=18904, stack(0x0000000019b90000,0x0000000019c90000)]
  0x0000000018299800 JavaThread "Signal Dispatcher" daemon [_thread_blocked, id=29004, stack(0x0000000019a90000,0x0000000019b90000)]
  0x000000000364b800 JavaThread "Finalizer" daemon [_thread_blocked, id=26740, stack(0x0000000019500000,0x0000000019600000)]
  0x0000000018289000 JavaThread "Reference Handler" daemon [_thread_blocked, id=31240, stack(0x0000000019400000,0x0000000019500000)]
  0x0000000003552800 JavaThread "main" [_thread_blocked, id=16820, stack(0x0000000003450000,0x0000000003550000)]

Other Threads:
  0x0000000018265800 VMThread [stack: 0x0000000019300000,0x0000000019400000] [id=30880]
  0x000000001971d000 WatcherThread [stack: 0x000000001a090000,0x000000001a190000] [id=30752]

VM state:not at safepoint (normal execution)

VM Mutex/Monitor currently owned by a thread: None

heap address: 0x0000000080000000, size: 2048 MB, Compressed Oops mode: 32-bit
Narrow klass base: 0x0000000000000000, Narrow klass shift: 3
Compressed class space size: 1073741824 Address: 0x0000000100000000

Heap:
 PSYoungGen      total 655872K, used 203416K [0x00000000d5580000, 0x00000000ffb00000, 0x0000000100000000)
  eden space 620032K, 29% used [0x00000000d5580000,0x00000000e0acdd20,0x00000000fb300000)
  from space 35840K, 49% used [0x00000000fd800000,0x00000000fe9584f0,0x00000000ffb00000)
  to   space 36864K, 0% used [0x00000000fb300000,0x00000000fb300000,0x00000000fd700000)
 ParOldGen       total 178176K, used 81909K [0x0000000080000000, 0x000000008ae00000, 0x00000000d5580000)
  object space 178176K, 45% used [0x0000000080000000,0x0000000084ffd478,0x000000008ae00000)
 Metaspace       used 103533K, capacity 108876K, committed 109016K, reserved 1144832K
  class space    used 13492K, capacity 14543K, committed 14552K, reserved 1048576K

Card table byte_map: [0x0000000012a10000,0x0000000012e20000] byte_map_base: 0x0000000012610000

Marking Bits: (ParMarkBitMap*) 0x00000000673cf030
 Begin Bits: [0x00000000134d0000, 0x00000000154d0000)
 End Bits:   [0x00000000154d0000, 0x00000000174d0000)

Polling page: 0x0000000003400000

CodeCache: size=245760Kb used=56928Kb max_used=56955Kb free=188831Kb
 bounds [0x0000000003650000, 0x0000000006e70000, 0x0000000012650000]
 total_blobs=17016 nmethods=16105 adapters=820
 compilation: enabled

Compilation events (10 events):
Event: 1488.851 Thread 0x00000000196a1000 nmethod 18938 0x0000000006e1ea10 code [0x0000000006e20920, 0x0000000006e36158]
Event: 1488.965 Thread 0x00000000182fd000 17269       4       com.android.tools.r8.ir.conversion.N::c (178 bytes)
Event: 1489.091 Thread 0x00000000182b1800 nmethod 18935% 0x0000000006dabd90 code [0x0000000006dac240, 0x0000000006dafaf8]
Event: 1489.159 Thread 0x00000000182fd000 nmethod 17269 0x0000000006e43b50 code [0x0000000006e440e0, 0x0000000006e47c50]
Event: 1489.159 Thread 0x00000000182fd000 18901       4       com.android.tools.r8.t.a.a.a.h.V0::a (272 bytes)
Event: 1489.178 Thread 0x00000000182b1800 18609 %     4       com.android.tools.r8.ir.regalloc.a::i @ 478 (610 bytes)
Event: 1489.189 Thread 0x00000000182fd000 nmethod 18901 0x0000000004c5d350 code [0x0000000004c5d560, 0x0000000004c5e6f8]
Event: 1489.302 Thread 0x00000000182fd000 18940       4       com.android.tools.r8.s.b.X::c (83 bytes)
Event: 1489.315 Thread 0x00000000182fd000 nmethod 18940 0x00000000043f8450 code [0x00000000043f85a0, 0x00000000043f88b8]
Event: 1489.424 Thread 0x00000000182fd000 18345       4       com.android.tools.r8.ir.optimize.a0::a (1308 bytes)

GC Heap History (10 events):
Event: 1469.238 GC heap before
{Heap before GC invocations=26 (full 4):
 PSYoungGen      total 458240K, used 449112K [0x00000000d5580000, 0x00000000f8e80000, 0x0000000100000000)
  eden space 420352K, 100% used [0x00000000d5580000,0x00000000ef000000,0x00000000ef000000)
  from space 37888K, 75% used [0x00000000ef000000,0x00000000f0c16118,0x00000000f1500000)
  to   space 39936K, 0% used [0x00000000f6780000,0x00000000f6780000,0x00000000f8e80000)
 ParOldGen       total 178176K, used 66288K [0x0000000080000000, 0x000000008ae00000, 0x00000000d5580000)
  object space 178176K, 37% used [0x0000000080000000,0x00000000840bc1f8,0x000000008ae00000)
 Metaspace       used 103237K, capacity 108578K, committed 108760K, reserved 1142784K
  class space    used 13488K, capacity 14540K, committed 14552K, reserved 1048576K
Event: 1469.300 GC heap after
Heap after GC invocations=26 (full 4):
 PSYoungGen      total 541184K, used 27510K [0x00000000d5580000, 0x00000000f9600000, 0x0000000100000000)
  eden space 501248K, 0% used [0x00000000d5580000,0x00000000d5580000,0x00000000f3f00000)
  from space 39936K, 68% used [0x00000000f6780000,0x00000000f825da68,0x00000000f8e80000)
  to   space 41472K, 0% used [0x00000000f3f00000,0x00000000f3f00000,0x00000000f6780000)
 ParOldGen       total 178176K, used 66288K [0x0000000080000000, 0x000000008ae00000, 0x00000000d5580000)
  object space 178176K, 37% used [0x0000000080000000,0x00000000840bc1f8,0x000000008ae00000)
 Metaspace       used 103237K, capacity 108578K, committed 108760K, reserved 1142784K
  class space    used 13488K, capacity 14540K, committed 14552K, reserved 1048576K
}
Event: 1472.486 GC heap before
{Heap before GC invocations=27 (full 4):
 PSYoungGen      total 541184K, used 528758K [0x00000000d5580000, 0x00000000f9600000, 0x0000000100000000)
  eden space 501248K, 100% used [0x00000000d5580000,0x00000000f3f00000,0x00000000f3f00000)
  from space 39936K, 68% used [0x00000000f6780000,0x00000000f825da68,0x00000000f8e80000)
  to   space 41472K, 0% used [0x00000000f3f00000,0x00000000f3f00000,0x00000000f6780000)
 ParOldGen       total 178176K, used 66288K [0x0000000080000000, 0x000000008ae00000, 0x00000000d5580000)
  object space 178176K, 37% used [0x0000000080000000,0x00000000840bc1f8,0x000000008ae00000)
 Metaspace       used 103377K, capacity 108714K, committed 108760K, reserved 1142784K
  class space    used 13488K, capacity 14540K, committed 14552K, reserved 1048576K
Event: 1472.553 GC heap after
Heap after GC invocations=27 (full 4):
 PSYoungGen      total 542720K, used 10808K [0x00000000d5580000, 0x00000000ff480000, 0x0000000100000000)
  eden space 501248K, 0% used [0x00000000d5580000,0x00000000d5580000,0x00000000f3f00000)
  from space 41472K, 26% used [0x00000000f3f00000,0x00000000f498e340,0x00000000f6780000)
  to   space 40448K, 0% used [0x00000000fcd00000,0x00000000fcd00000,0x00000000ff480000)
 ParOldGen       total 178176K, used 76735K [0x0000000080000000, 0x000000008ae00000, 0x00000000d5580000)
  object space 178176K, 43% used [0x0000000080000000,0x0000000084aefd40,0x000000008ae00000)
 Metaspace       used 103377K, capacity 108714K, committed 108760K, reserved 1142784K
  class space    used 13488K, capacity 14540K, committed 14552K, reserved 1048576K
}
Event: 1475.384 GC heap before
{Heap before GC invocations=28 (full 4):
 PSYoungGen      total 542720K, used 512056K [0x00000000d5580000, 0x00000000ff480000, 0x0000000100000000)
  eden space 501248K, 100% used [0x00000000d5580000,0x00000000f3f00000,0x00000000f3f00000)
  from space 41472K, 26% used [0x00000000f3f00000,0x00000000f498e340,0x00000000f6780000)
  to   space 40448K, 0% used [0x00000000fcd00000,0x00000000fcd00000,0x00000000ff480000)
 ParOldGen       total 178176K, used 76735K [0x0000000080000000, 0x000000008ae00000, 0x00000000d5580000)
  object space 178176K, 43% used [0x0000000080000000,0x0000000084aefd40,0x000000008ae00000)
 Metaspace       used 103445K, capacity 108802K, committed 109016K, reserved 1144832K
  class space    used 13491K, capacity 14542K, committed 14552K, reserved 1048576K
Event: 1475.439 GC heap after
Heap after GC invocations=28 (full 4):
 PSYoungGen      total 646656K, used 9249K [0x00000000d5580000, 0x00000000ff400000, 0x0000000100000000)
  eden space 606720K, 0% used [0x00000000d5580000,0x00000000d5580000,0x00000000fa600000)
  from space 39936K, 23% used [0x00000000fcd00000,0x00000000fd6086a0,0x00000000ff400000)
  to   space 39936K, 0% used [0x00000000fa600000,0x00000000fa600000,0x00000000fcd00000)
 ParOldGen       total 178176K, used 81405K [0x0000000080000000, 0x000000008ae00000, 0x00000000d5580000)
  object space 178176K, 45% used [0x0000000080000000,0x0000000084f7f478,0x000000008ae00000)
 Metaspace       used 103445K, capacity 108802K, committed 109016K, reserved 1144832K
  class space    used 13491K, capacity 14542K, committed 14552K, reserved 1048576K
}
Event: 1479.132 GC heap before
{Heap before GC invocations=29 (full 4):
 PSYoungGen      total 646656K, used 615969K [0x00000000d5580000, 0x00000000ff400000, 0x0000000100000000)
  eden space 606720K, 100% used [0x00000000d5580000,0x00000000fa600000,0x00000000fa600000)
  from space 39936K, 23% used [0x00000000fcd00000,0x00000000fd6086a0,0x00000000ff400000)
  to   space 39936K, 0% used [0x00000000fa600000,0x00000000fa600000,0x00000000fcd00000)
 ParOldGen       total 178176K, used 81405K [0x0000000080000000, 0x000000008ae00000, 0x00000000d5580000)
  object space 178176K, 45% used [0x0000000080000000,0x0000000084f7f478,0x000000008ae00000)
 Metaspace       used 103496K, capacity 108810K, committed 109016K, reserved 1144832K
  class space    used 13491K, capacity 14542K, committed 14552K, reserved 1048576K
Event: 1479.196 GC heap after
Heap after GC invocations=29 (full 4):
 PSYoungGen      total 646656K, used 12146K [0x00000000d5580000, 0x00000000ffe00000, 0x0000000100000000)
  eden space 606720K, 0% used [0x00000000d5580000,0x00000000d5580000,0x00000000fa600000)
  from space 39936K, 30% used [0x00000000fa600000,0x00000000fb1dc9c8,0x00000000fcd00000)
  to   space 38912K, 0% used [0x00000000fd800000,0x00000000fd800000,0x00000000ffe00000)
 ParOldGen       total 178176K, used 81645K [0x0000000080000000, 0x000000008ae00000, 0x00000000d5580000)
  object space 178176K, 45% used [0x0000000080000000,0x0000000084fbb478,0x000000008ae00000)
 Metaspace       used 103496K, capacity 108810K, committed 109016K, reserved 1144832K
  class space    used 13491K, capacity 14542K, committed 14552K, reserved 1048576K
}
Event: 1484.698 GC heap before
{Heap before GC invocations=30 (full 4):
 PSYoungGen      total 646656K, used 618866K [0x00000000d5580000, 0x00000000ffe00000, 0x0000000100000000)
  eden space 606720K, 100% used [0x00000000d5580000,0x00000000fa600000,0x00000000fa600000)
  from space 39936K, 30% used [0x00000000fa600000,0x00000000fb1dc9c8,0x00000000fcd00000)
  to   space 38912K, 0% used [0x00000000fd800000,0x00000000fd800000,0x00000000ffe00000)
 ParOldGen       total 178176K, used 81645K [0x0000000080000000, 0x000000008ae00000, 0x00000000d5580000)
  object space 178176K, 45% used [0x0000000080000000,0x0000000084fbb478,0x000000008ae00000)
 Metaspace       used 103529K, capacity 108876K, committed 109016K, reserved 1144832K
  class space    used 13492K, capacity 14543K, committed 14552K, reserved 1048576K
Event: 1484.807 GC heap after
Heap after GC invocations=30 (full 4):
 PSYoungGen      total 655872K, used 17761K [0x00000000d5580000, 0x00000000ffb00000, 0x0000000100000000)
  eden space 620032K, 0% used [0x00000000d5580000,0x00000000d5580000,0x00000000fb300000)
  from space 35840K, 49% used [0x00000000fd800000,0x00000000fe9584f0,0x00000000ffb00000)
  to   space 36864K, 0% used [0x00000000fb300000,0x00000000fb300000,0x00000000fd700000)
 ParOldGen       total 178176K, used 81909K [0x0000000080000000, 0x000000008ae00000, 0x00000000d5580000)
  object space 178176K, 45% used [0x0000000080000000,0x0000000084ffd478,0x000000008ae00000)
 Metaspace       used 103529K, capacity 108876K, committed 109016K, reserved 1144832K
  class space    used 13492K, capacity 14543K, committed 14552K, reserved 1048576K
}

Deoptimization events (10 events):
Event: 1470.164 Thread 0x000000001a743800 Uncommon trap: reason=class_check action=maybe_recompile pc=0x00000000068f2bc0 method=com.android.tools.r8.s.a.h.e.b(Lcom/android/tools/r8/s/b/k0;)V @ 379
Event: 1471.013 Thread 0x000000001a742000 Uncommon trap: reason=array_check action=maybe_recompile pc=0x0000000006a9f7d0 method=java.util.TimSort.binarySort([Ljava/lang/Object;IIILjava/util/Comparator;)V @ 183
Event: 1471.013 Thread 0x000000001a742000 Uncommon trap: reason=array_check action=maybe_recompile pc=0x0000000006a9f7d0 method=java.util.TimSort.binarySort([Ljava/lang/Object;IIILjava/util/Comparator;)V @ 183
Event: 1472.912 Thread 0x000000001e8cd000 Uncommon trap: reason=unstable_if action=reinterpret pc=0x0000000006b2f5b4 method=com.android.tools.r8.ir.optimize.a0.a(Ljava/util/Map;I)V @ 29
Event: 1473.217 Thread 0x000000001e8cd000 Uncommon trap: reason=unstable_if action=reinterpret pc=0x00000000068136a8 method=com.android.tools.r8.graph.i0.b(Lcom/android/tools/r8/graph/i0;)I @ 83
Event: 1473.681 Thread 0x000000001a742000 Uncommon trap: reason=class_check action=maybe_recompile pc=0x0000000006948b64 method=com.android.tools.r8.ir.conversion.o.a(Lcom/android/tools/r8/ir/conversion/N;IZ)V @ 524
Event: 1475.485 Thread 0x000000001a742000 Uncommon trap: reason=unstable_if action=reinterpret pc=0x0000000003b012fc method=java.util.WeakHashMap.expungeStaleEntries()V @ 66
Event: 1479.985 Thread 0x000000001a740000 Uncommon trap: reason=unstable_if action=reinterpret pc=0x0000000006b78fec method=com.android.tools.r8.ir.conversion.o.a(Lcom/android/tools/r8/ir/conversion/N;IIZ)V @ 245
Event: 1481.716 Thread 0x000000001a740000 Uncommon trap: reason=class_check action=maybe_recompile pc=0x0000000006948b64 method=com.android.tools.r8.ir.conversion.o.a(Lcom/android/tools/r8/ir/conversion/N;IZ)V @ 524
Event: 1488.803 Thread 0x000000001a740000 Uncommon trap: reason=unstable_if action=reinterpret pc=0x0000000006cdcb64 method=com.android.tools.r8.ir.regalloc.a.a(Lcom/android/tools/r8/ir/regalloc/a$a;Z)Lcom/android/tools/r8/ir/regalloc/a$a; @ 583

Classes redefined (0 events):
No events

Internal exceptions (10 events):
Event: 1478.957 Thread 0x000000001a740000 Exception <a 'sun/nio/fs/WindowsException'> (0x00000000f8917e50) thrown at [C:\src\AOSP-openjdk-git\hotspot\src\share\vm\prims\jni.cpp, line 710]
Event: 1479.248 Thread 0x000000001a740000 Exception <a 'sun/nio/fs/WindowsException'> (0x00000000d55f91c0) thrown at [C:\src\AOSP-openjdk-git\hotspot\src\share\vm\prims\jni.cpp, line 710]
Event: 1479.312 Thread 0x000000001a742000 Exception <a 'sun/nio/fs/WindowsException'> (0x00000000d65cb090) thrown at [C:\src\AOSP-openjdk-git\hotspot\src\share\vm\prims\jni.cpp, line 710]
Event: 1479.620 Thread 0x000000001a740000 Exception <a 'sun/nio/fs/WindowsException'> (0x00000000daab14d0) thrown at [C:\src\AOSP-openjdk-git\hotspot\src\share\vm\prims\jni.cpp, line 710]
Event: 1479.757 Thread 0x000000001a742000 Exception <a 'sun/nio/fs/WindowsException'> (0x00000000d6678138) thrown at [C:\src\AOSP-openjdk-git\hotspot\src\share\vm\prims\jni.cpp, line 710]
Event: 1479.979 Thread 0x000000001a740000 Exception <a 'sun/nio/fs/WindowsException'> (0x00000000dab02130) thrown at [C:\src\AOSP-openjdk-git\hotspot\src\share\vm\prims\jni.cpp, line 710]
Event: 1479.998 Thread 0x000000001a740000 Exception <a 'sun/nio/fs/WindowsException'> (0x00000000ddc22e30) thrown at [C:\src\AOSP-openjdk-git\hotspot\src\share\vm\prims\jni.cpp, line 710]
Event: 1480.125 Thread 0x000000001a742000 Exception <a 'sun/nio/fs/WindowsException'> (0x00000000ded68720) thrown at [C:\src\AOSP-openjdk-git\hotspot\src\share\vm\prims\jni.cpp, line 710]
Event: 1480.229 Thread 0x000000001a740000 Exception <a 'sun/nio/fs/WindowsException'> (0x00000000dfc81e28) thrown at [C:\src\AOSP-openjdk-git\hotspot\src\share\vm\prims\jni.cpp, line 710]
Event: 1485.079 Thread 0x000000001a743800 Exception <a 'sun/nio/fs/WindowsException'> (0x00000000d643daa0) thrown at [C:\src\AOSP-openjdk-git\hotspot\src\share\vm\prims\jni.cpp, line 710]

Events (10 events):
Event: 1489.293 Thread 0x00000000182fd000 flushing nmethod 0x0000000005412490
Event: 1489.293 Thread 0x00000000182fd000 flushing nmethod 0x0000000005412d90
Event: 1489.293 Thread 0x00000000182fd000 flushing nmethod 0x000000000541f3d0
Event: 1489.299 Thread 0x000000001a740000 DEOPT PACKING pc=0x0000000006e3458b sp=0x0000000020ab9430
Event: 1489.300 Thread 0x000000001a740000 DEOPT UNPACKING pc=0x00000000036975d0 sp=0x0000000020ab9478 mode 0
Event: 1489.423 Thread 0x00000000182fd000 flushing nmethod 0x00000000058f1d50
Event: 1489.423 Thread 0x00000000182fd000 flushing nmethod 0x00000000058f2ed0
Event: 1489.423 Thread 0x00000000182fd000 flushing nmethod 0x00000000058f3310
Event: 1489.423 Thread 0x00000000182fd000 flushing nmethod 0x00000000058f3790
Event: 1489.423 Thread 0x00000000182fd000 flushing nmethod 0x00000000058f3d90


Dynamic libraries:
0x00007ff6a9d60000 - 0x00007ff6a9d91000 	C:\Program Files\Android\Android Studio\jre\bin\java.exe
0x00007fff53c90000 - 0x00007fff53e85000 	C:\WINDOWS\SYSTEM32\ntdll.dll
0x00007fff537c0000 - 0x00007fff5387d000 	C:\WINDOWS\System32\KERNEL32.DLL
0x00007fff51400000 - 0x00007fff516c8000 	C:\WINDOWS\System32\KERNELBASE.dll
0x00007fff51f60000 - 0x00007fff5200c000 	C:\WINDOWS\System32\ADVAPI32.dll
0x00007fff52320000 - 0x00007fff523be000 	C:\WINDOWS\System32\msvcrt.dll
0x00007fff53880000 - 0x00007fff5391b000 	C:\WINDOWS\System32\sechost.dll
0x00007fff52f50000 - 0x00007fff5307b000 	C:\WINDOWS\System32\RPCRT4.dll
0x00007fff52120000 - 0x00007fff522c0000 	C:\WINDOWS\System32\USER32.dll
0x00007fff513d0000 - 0x00007fff513f2000 	C:\WINDOWS\System32\win32u.dll
0x00007fff53790000 - 0x00007fff537ba000 	C:\WINDOWS\System32\GDI32.dll
0x00007fff516d0000 - 0x00007fff517db000 	C:\WINDOWS\System32\gdi32full.dll
0x00007fff51ad0000 - 0x00007fff51b6d000 	C:\WINDOWS\System32\msvcp_win.dll
0x00007fff51940000 - 0x00007fff51a40000 	C:\WINDOWS\System32\ucrtbase.dll
0x00007fff46ab0000 - 0x00007fff46d4a000 	C:\WINDOWS\WinSxS\amd64_microsoft.windows.common-controls_6595b64144ccf1df_6.0.19041.844_none_ca00b6081b84eb1d\COMCTL32.dll
0x00007fff53080000 - 0x00007fff530b0000 	C:\WINDOWS\System32\IMM32.DLL
0x0000000068010000 - 0x00000000680e2000 	C:\Program Files\Android\Android Studio\jre\jre\bin\msvcr100.dll
0x0000000066c00000 - 0x000000006744b000 	C:\Program Files\Android\Android Studio\jre\jre\bin\server\jvm.dll
0x00007fff536d0000 - 0x00007fff536d8000 	C:\WINDOWS\System32\PSAPI.DLL
0x00007fff44980000 - 0x00007fff44989000 	C:\WINDOWS\SYSTEM32\WSOCK32.dll
0x00007fff52ee0000 - 0x00007fff52f4b000 	C:\WINDOWS\System32\WS2_32.dll
0x00007fff4b950000 - 0x00007fff4b95a000 	C:\WINDOWS\SYSTEM32\VERSION.dll
0x00007fff47850000 - 0x00007fff47877000 	C:\WINDOWS\SYSTEM32\WINMM.dll
0x00007fff4d380000 - 0x00007fff4d38f000 	C:\Program Files\Android\Android Studio\jre\jre\bin\verify.dll
0x00007fff477e0000 - 0x00007fff47809000 	C:\Program Files\Android\Android Studio\jre\jre\bin\java.dll
0x00007fff4b260000 - 0x00007fff4b276000 	C:\Program Files\Android\Android Studio\jre\jre\bin\zip.dll
0x00007fff52720000 - 0x00007fff52e62000 	C:\WINDOWS\System32\SHELL32.dll
0x00007fff4f520000 - 0x00007fff4fcb0000 	C:\WINDOWS\SYSTEM32\windows.storage.dll
0x00007fff523c0000 - 0x00007fff52715000 	C:\WINDOWS\System32\combase.dll
0x00007fff50e40000 - 0x00007fff50e6c000 	C:\WINDOWS\SYSTEM32\Wldp.dll
0x00007fff51e20000 - 0x00007fff51ece000 	C:\WINDOWS\System32\SHCORE.dll
0x00007fff53bf0000 - 0x00007fff53c45000 	C:\WINDOWS\System32\shlwapi.dll
0x00007fff51310000 - 0x00007fff5132f000 	C:\WINDOWS\SYSTEM32\profapi.dll
0x00007fff477c0000 - 0x00007fff477da000 	C:\Program Files\Android\Android Studio\jre\jre\bin\net.dll
0x00007fff50bb0000 - 0x00007fff50c1a000 	C:\WINDOWS\system32\mswsock.dll
0x00007fff46d70000 - 0x00007fff46d83000 	C:\Program Files\Android\Android Studio\jre\jre\bin\nio.dll
0x00007fff48c00000 - 0x00007fff48c27000 	C:\Users\dlswn\.gradle\native\f6784746aeab05261644944871eae4fe03e0ef1612fff0a4a95f87b438bc6780\windows-amd64\native-platform.dll
0x00007fff4af00000 - 0x00007fff4af0d000 	C:\Program Files\Android\Android Studio\jre\jre\bin\management.dll
0x00007fff50d80000 - 0x00007fff50d98000 	C:\WINDOWS\SYSTEM32\CRYPTSP.dll
0x00007fff504e0000 - 0x00007fff50514000 	C:\WINDOWS\system32\rsaenh.dll
0x00007fff51a40000 - 0x00007fff51a67000 	C:\WINDOWS\System32\bcrypt.dll
0x00007fff51290000 - 0x00007fff512be000 	C:\WINDOWS\SYSTEM32\USERENV.dll
0x00007fff51c70000 - 0x00007fff51cf0000 	C:\WINDOWS\System32\bcryptprimitives.dll
0x00007fff50da0000 - 0x00007fff50dac000 	C:\WINDOWS\SYSTEM32\CRYPTBASE.dll
0x00007fff50850000 - 0x00007fff5088b000 	C:\WINDOWS\SYSTEM32\IPHLPAPI.DLL
0x00007fff52030000 - 0x00007fff52038000 	C:\WINDOWS\System32\NSI.dll
0x00007fff4a640000 - 0x00007fff4a657000 	C:\WINDOWS\SYSTEM32\dhcpcsvc6.DLL
0x00007fff4a5b0000 - 0x00007fff4a5cd000 	C:\WINDOWS\SYSTEM32\dhcpcsvc.DLL
0x00007fff50890000 - 0x00007fff5095c000 	C:\WINDOWS\SYSTEM32\DNSAPI.dll
0x00007fff4a810000 - 0x00007fff4a81b000 	C:\WINDOWS\SYSTEM32\WINNSI.DLL
0x00007fff452f0000 - 0x00007fff45314000 	C:\Program Files\Android\Android Studio\jre\jre\bin\sunec.dll
0x00007fff47c60000 - 0x00007fff47c6a000 	C:\Windows\System32\rasadhlp.dll
0x00007fff47b00000 - 0x00007fff47b7f000 	C:\WINDOWS\System32\fwpuclnt.dll
0x00007fff4ada0000 - 0x00007fff4adab000 	C:\Program Files\Android\Android Studio\jre\jre\bin\sunmscapi.dll
0x00007fff517e0000 - 0x00007fff5193f000 	C:\WINDOWS\System32\CRYPT32.dll
0x00007fff50110000 - 0x00007fff50143000 	C:\WINDOWS\SYSTEM32\ntmarta.dll

VM Arguments:
jvm_args: -Xmx2048m -Dfile.encoding=UTF-8 -Duser.country=KR -Duser.language=ko -Duser.variant 
java_command: org.gradle.launcher.daemon.bootstrap.GradleDaemon 6.5
java_class_path (initial): C:\Users\dlswn\.gradle\wrapper\dists\gradle-6.5-bin\6nifqtx7604sqp1q6g8wikw7p\gradle-6.5\lib\gradle-launcher-6.5.jar
Launcher Type: SUN_STANDARD

Environment Variables:
PATH=C:\oraclexe\app\oracle\product\11.2.0\server\bin;C:\Program Files (x86)\NetSarang\Xshell 6\;C:\Program Files (x86)\Common Files\Oracle\Java\javapath;C:\Program Files (x86)\Intel\iCLS Client\;C:\Program Files\Intel\iCLS Client\;C:\Windows\system32;C:\Windows;C:\Windows\System32\Wbem;C:\Windows\System32\WindowsPowerShell\v1.0\;C:\Program Files (x86)\Intel\Intel(R) Management Engine Components\DAL;C:\Program Files\Intel\Intel(R) Management Engine Components\DAL;C:\Program Files (x86)\Intel\Intel(R) Management Engine Components\IPT;C:\Program Files\Intel\Intel(R) Management Engine Components\IPT;C:\Program Files (x86)\NVIDIA Corporation\PhysX\Common;C:\WINDOWS\system32;C:\WINDOWS;C:\WINDOWS\System32\Wbem;C:\WINDOWS\System32\WindowsPowerShell\v1.0\;C:\WINDOWS\System32\OpenSSH\;‘C:\jdk1.8\bin;\Program Files\Java\jdk-12.0.1\bin;C:\Program Files\Git\cmd;C:\Program Files\MySQL\MySQL Server 8.0\bin;C:\ProgramData\ComposerSetup\bin;C:\Program Files\MongoDB\Server\4.2\bin;C:\Bitnami\wampstack-7.4.6-1\mysql\bin;C:\Bitnami\wampstack-7.4.6-1\php;D:\Vagrant\bin;C:\Program Files\nodejs\;C:\Program Files\ffmpeg\bin;C:\Users\dlswn\AppData\Local\Microsoft\WindowsApps;C:\Users\dlswn\AppData\Local\Programs\Microsoft VS Code\bin;C:\Users\dlswn\AppData\Roaming\Composer\vendor\bin;C:\Users\dlswn\AppData\Local\Programs\Fiddler;C:\Program Files\JetBrains\PhpStorm 2019.3.2\bin;C:\Users\dlswn\AppData\Local\Microsoft\WindowsApps;C:\Users\dlswn\AppData\Roaming\npm
USERNAME=dlswn
OS=Windows_NT
PROCESSOR_IDENTIFIER=Intel64 Family 6 Model 142 Stepping 9, GenuineIntel



---------------  S Y S T E M  ---------------

OS: Windows 10.0 , 64 bit Build 19041 (10.0.19041.928)

CPU:total 4 (initial active 4) (2 cores per cpu, 2 threads per core) family 6 model 142 stepping 9, cmov, cx8, fxsr, mmx, sse, sse2, sse3, ssse3, sse4.1, sse4.2, popcnt, avx, avx2, aes, clmul, erms, 3dnowpref, lzcnt, ht, tsc, tscinvbit, bmi1, bmi2, adx

Memory: 4k page, physical 8272788k(270312k free), swap 22113040k(20k free)

vm_info: OpenJDK 64-Bit Server VM (25.242-b01) for windows-amd64 JRE (1.8.0_242-release-1644-b01), built by "builder" with MS VC++ 10.0 (VS2010)

time: Sat Jun 19 13:53:55 2021
timezone: 대한민국 표준시
elapsed time: 1490 seconds (0d 0h 24m 50s)

